<?xml version="1.0" encoding="UTF-8"?>
<!-- Generated by org.testng.reporters.JUnitXMLReporter -->
<testsuite hostname="Mayur-PC" ignored="0" name="Default test" tests="5" failures="0" timestamp="2020-02-27T20:59:55 IST" time="0.065" errors="0">
  <testcase name="test" time="0.013" classname="com.testng.InvocationCount"/>
  <testcase name="test" time="0.001" classname="com.testng.InvocationCount"/>
  <testcase name="test" time="0.001" classname="com.testng.InvocationCount"/>
  <testcase name="test" time="0.002" classname="com.testng.InvocationCount"/>
  <testcase name="test" time="0.001" classname="com.testng.InvocationCount"/>
</testsuite> <!-- Default test -->
