<?xml version="1.0" encoding="UTF-8"?>
<testng-results skipped="0" failed="0" ignored="0" total="5" passed="5">
  <reporter-output>
  </reporter-output>
  <suite name="Default suite" duration-ms="65" started-at="2020-02-27T20:59:55 IST" finished-at="2020-02-27T20:59:55 IST">
    <groups>
      <group name="my">
        <method signature="InvocationCount.test()[pri:0, instance:com.testng.InvocationCount@31dc339b]" name="test" class="com.testng.InvocationCount"/>
      </group> <!-- my -->
    </groups>
    <test name="Default test" duration-ms="65" started-at="2020-02-27T20:59:55 IST" finished-at="2020-02-27T20:59:55 IST">
      <class name="com.testng.InvocationCount">
        <test-method status="PASS" signature="test()[pri:0, instance:com.testng.InvocationCount@31dc339b]" name="test" duration-ms="13" started-at="2020-02-27T20:59:55 IST" finished-at="2020-02-27T20:59:55 IST">
          <reporter-output>
          </reporter-output>
        </test-method> <!-- test -->
        <test-method status="PASS" signature="test()[pri:0, instance:com.testng.InvocationCount@31dc339b]" name="test" duration-ms="1" started-at="2020-02-27T20:59:55 IST" finished-at="2020-02-27T20:59:55 IST">
          <reporter-output>
          </reporter-output>
        </test-method> <!-- test -->
        <test-method status="PASS" signature="test()[pri:0, instance:com.testng.InvocationCount@31dc339b]" name="test" duration-ms="1" started-at="2020-02-27T20:59:55 IST" finished-at="2020-02-27T20:59:55 IST">
          <reporter-output>
          </reporter-output>
        </test-method> <!-- test -->
        <test-method status="PASS" signature="test()[pri:0, instance:com.testng.InvocationCount@31dc339b]" name="test" duration-ms="2" started-at="2020-02-27T20:59:55 IST" finished-at="2020-02-27T20:59:55 IST">
          <reporter-output>
          </reporter-output>
        </test-method> <!-- test -->
        <test-method status="PASS" signature="test()[pri:0, instance:com.testng.InvocationCount@31dc339b]" name="test" duration-ms="1" started-at="2020-02-27T20:59:55 IST" finished-at="2020-02-27T20:59:55 IST">
          <reporter-output>
          </reporter-output>
        </test-method> <!-- test -->
      </class> <!-- com.testng.InvocationCount -->
    </test> <!-- Default test -->
  </suite> <!-- Default suite -->
</testng-results>
